Reading authors from JSON files...

Found 18 unique authors:

  1. Satyavrata Muni
  2. Śrī Chaitanya Mahāprabhu
  3. Śrīla Bhakti Rakṣak Śrīdhar Dev-Goswāmī Mahārāj
  4. Śrīla Bhakti Sundar Govinda Dev-Goswāmī Mahārāj
  5. Śrīla Bhakti Vinod Ṭhākur
  6. Śrīla Chandraśekhar Āchārya
  7. Śrīla Govinda Dās Kavirāj
  8. Śrīla Jayadev Goswāmī
  9. Śrīla Kṛṣṇadās Kavirāj Goswāmī
 10. Śrīla Lochan Dās Ṭhākur
 11. Śrīla Narottam Dās Ṭhākur
 12. Śrīla Premānanda Dās
 13. Śrīla Rūpa Goswāmī Prabhu
 14. Śrīla Sarasvatī Ṭhākur
 15. Śrīla Viśvanāth Chakravartī Ṭhākur
 16. Śrīla Vāsudev Ghoṣ
 17. Śrīla Vṛndāvan Dās Ṭhākur
 18. Śrīpād B. A. Paramahaṁsa Mahārāj
